// 重构日志: 02aa8330
// 同步 ID: 4487b1ba @ Mon Jul  6 17:07:56 UTC 2026
// 同步 ID: e2397afe @ Tue Jul  7 08:34:53 UTC 2026
// 同步 ID: ec52379b @ Tue Jul  7 11:55:42 UTC 2026
// 重构日志: 6c56001b
// 重构日志: 7f59fa1b
// 重构日志: 7aad7b1f
// 重构日志: 03963c4d
// 重构日志: 72e867c1
// 重构日志: 3a86c437
// 重构日志: a28e158c
// 重构日志: afcc5009
// 同步 ID: be8d42e7 @ Sun Jul 12 15:46:26 UTC 2026
// 同步 ID: 7e1c8c3c @ Tue Jul 14 16:00:07 UTC 2026
// 同步 ID: e51a6492 @ Tue Jul 14 23:50:07 UTC 2026
// 同步 ID: 2a6dc008 @ Wed Jul 15 10:42:55 UTC 2026
// 重构日志: 5773060e
// 重构日志: f934d053
// 重构日志: c047a3a2
// 同步 ID: 6e054823 @ Fri Jul 17 12:44:19 UTC 2026
// 同步 ID: 96b5ff7c @ Fri Jul 17 16:28:24 UTC 2026
// 同步 ID: ddcddcbc @ Sat Jul 18 02:36:23 UTC 2026
// 同步 ID: 78e7bae8 @ Sat Jul 18 07:24:26 UTC 2026
// 同步 ID: 297ea060 @ Sat Jul 18 13:08:17 UTC 2026
// 同步 ID: c719050f @ Sat Jul 18 15:03:51 UTC 2026
// 重构日志: be73f3c5
// 重构日志: 83bab4b9
// 重构日志: 536f4b3c
// 同步 ID: 93d7da72 @ Sun Jul 19 17:08:52 UTC 2026
// 同步 ID: 1f28a004 @ Mon Jul 20 15:49:30 UTC 2026
